\BOOKMARK [1][-]{section*.1}{\376\377\000C\000o\000u\000r\000s\000e\000\040\000D\000e\000s\000c\000r\000i\000p\000t\000i\000o\000n}{}% 1
\BOOKMARK [1][-]{section*.2}{\376\377\000C\000o\000u\000r\000s\000e\000\040\000L\000e\000a\000r\000n\000i\000n\000g\000\040\000G\000o\000a\000l\000s}{}% 2
\BOOKMARK [1][-]{section*.3}{\376\377\000P\000r\000e\000r\000e\000q\000u\000i\000s\000i\000t\000e\000\040\000R\000e\000q\000u\000i\000r\000e\000m\000e\000n\000t\000s}{}% 3
\BOOKMARK [1][-]{section*.4}{\376\377\000C\000o\000u\000r\000s\000e\000\040\000F\000o\000r\000m\000a\000t\000\040\000\046\000\040\000M\000o\000d\000a\000l\000i\000t\000y}{}% 4
\BOOKMARK [1][-]{section*.5}{\376\377\000H\000o\000w\000\040\000G\000e\000t\000\040\000T\000h\000e\000\040\000M\000o\000s\000t\000\040\000O\000u\000t\000\040\000o\000f\000\040\000T\000h\000i\000s\000\040\000C\000l\000a\000s\000s}{}% 5
\BOOKMARK [1][-]{section*.6}{\376\377\000C\000o\000u\000r\000s\000e\000\040\000R\000e\000a\000d\000i\000n\000g\000s}{}% 6
\BOOKMARK [1][-]{section*.7}{\376\377\000R\000e\000q\000u\000i\000r\000e\000d\000\040\000S\000o\000f\000t\000w\000a\000r\000e\000\040\000a\000n\000d\000\040\000H\000a\000r\000d\000w\000a\000r\000e}{}% 7
\BOOKMARK [2][-]{subsection*.8}{\376\377\000S\000o\000f\000t\000w\000a\000r\000e}{section*.7}% 8
\BOOKMARK [2][-]{subsection*.9}{\376\377\000H\000a\000r\000d\000w\000a\000r\000e}{section*.7}% 9
\BOOKMARK [1][-]{section*.10}{\376\377\000D\000i\000s\000c\000u\000s\000s\000i\000o\000n\000\040\000a\000n\000d\000\040\000H\000o\000m\000e\000w\000o\000r\000k\000\040\000Q\000u\000e\000s\000t\000i\000o\000n\000s}{}% 10
\BOOKMARK [1][-]{section*.11}{\376\377\000A\000s\000s\000i\000g\000n\000m\000e\000n\000t\000s\000\040\000\046\000\040\000G\000r\000a\000d\000i\000n\000g}{}% 11
\BOOKMARK [2][-]{subsection*.12}{\376\377\000W\000e\000e\000k\000l\000y\000\040\000P\000r\000o\000b\000l\000e\000m\000\040\000S\000e\000t\000s\000\040\000\050\0007\0005\000\045\000\040\000o\000f\000\040\000t\000o\000t\000a\000l\000\040\000g\000r\000a\000d\000e\000\051}{section*.11}% 12
\BOOKMARK [2][-]{subsection*.13}{\376\377\000F\000i\000n\000a\000l\000\040\000P\000r\000o\000j\000e\000c\000t\000\040\000\050\0001\0000\000\045\000\040\000o\000f\000\040\000t\000o\000t\000a\000l\000\040\000g\000r\000a\000d\000e\000\051}{section*.11}% 13
\BOOKMARK [2][-]{subsection*.14}{\376\377\000A\000t\000t\000e\000n\000d\000a\000n\000c\000e\000\040\000a\000n\000d\000\040\000P\000a\000r\000t\000i\000c\000i\000p\000a\000t\000i\000o\000n\000\040\000\050\0001\0005\000\045\000\040\000o\000f\000\040\000t\000o\000t\000a\000l\000\040\000g\000r\000a\000d\000e\000\051}{section*.11}% 14
\BOOKMARK [1][-]{section*.15}{\376\377\000C\000o\000u\000r\000s\000e\000\040\000P\000o\000l\000i\000c\000i\000e\000s}{}% 15
\BOOKMARK [2][-]{subsection*.16}{\376\377\000C\000l\000a\000s\000s\000r\000o\000o\000m\000\040\000E\000n\000v\000i\000r\000o\000n\000m\000e\000n\000t}{section*.15}% 16
\BOOKMARK [2][-]{subsection*.17}{\376\377\000A\000c\000c\000e\000s\000s\000i\000b\000i\000l\000i\000t\000y\000\040\000a\000n\000d\000\040\000A\000c\000c\000o\000m\000m\000o\000d\000a\000t\000i\000o\000n\000s}{section*.15}% 17
\BOOKMARK [2][-]{subsection*.18}{\376\377\000A\000c\000a\000d\000e\000m\000i\000c\000\040\000H\000o\000n\000e\000s\000t\000y}{section*.15}% 18
\BOOKMARK [2][-]{subsection*.19}{\376\377\000A\000r\000t\000i\000f\000i\000c\000i\000a\000l\000\040\000I\000n\000t\000e\000l\000l\000i\000g\000e\000n\000c\000e}{section*.15}% 19
\BOOKMARK [1][-]{section*.20}{\376\377\000C\000o\000u\000r\000s\000e\000\040\000S\000c\000h\000e\000d\000u\000l\000e}{}% 20
\BOOKMARK [2][-]{subsection*.21}{\376\377\0001\000/\0002\0000\000/\0002\0000\0002\0005\000:\000\040\000M\000L\000K\000\040\000H\000o\000l\000i\000d\000a\000y\000,\000\040\000N\000o\000\040\000C\000l\000a\000s\000s}{section*.20}% 21
\BOOKMARK [2][-]{subsection*.22}{\376\377\000W\000e\000e\000k\000\040\0001\000,\000\040\0001\000/\0002\0007\000/\0002\0000\0002\0005\000:\000\040\000C\000o\000u\000r\000s\000e\000\040\000i\000n\000t\000r\000o\000d\000u\000c\000t\000i\000o\000n\000;\000\040\000G\000e\000t\000t\000i\000n\000g\000\040\000s\000t\000a\000r\000t\000e\000d\000\040\000w\000i\000t\000h\000\040\000R}{section*.20}% 22
\BOOKMARK [2][-]{subsection*.23}{\376\377\000W\000e\000e\000k\000\040\0002\000,\000\040\0002\000/\0003\000/\0002\0000\0002\0005\000:\000\040\000I\000n\000v\000e\000s\000t\000i\000g\000a\000t\000i\000n\000g\000\040\000D\000a\000t\000a\000\040\000P\000a\000t\000t\000e\000r\000n\000s\000\040\000i\000n\000\040\000R}{section*.20}% 23
\BOOKMARK [2][-]{subsection*.24}{\376\377\000W\000e\000e\000k\000\040\0003\000,\000\040\0002\000/\0001\0000\000/\0002\0000\0002\0005\000:\000\040\000I\000n\000v\000e\000s\000t\000i\000g\000a\000t\000i\000n\000g\000\040\000D\000a\000t\000a\000\040\000P\000a\000t\000t\000e\000r\000n\000s\000\040\000i\000n\000\040\000R\000\040\000c\000o\000n\000t\040\046}{section*.20}% 24
\BOOKMARK [2][-]{subsection*.25}{\376\377\000W\000e\000e\000k\000\040\0004\000,\000\040\0002\000/\0001\0007\000/\0002\0000\0002\0005\000:\000\040\000I\000n\000t\000r\000o\000d\000u\000c\000t\000i\000o\000n\000\040\000t\000o\000\040\000T\000i\000d\000y\000v\000e\000r\000s\000e\000:\000\040\000P\000i\000p\000e\000s\000,\000\040\000d\000p\000l\000y\000r\000,\000\040\000a\000n\000d\000\040\000V\000a\000r\000i\000a\000b\000l\000e\000\040\000C\000r\000e\000a\000t\000i\000o\000n}{section*.20}% 25
\BOOKMARK [2][-]{subsection*.26}{\376\377\000W\000e\000e\000k\000\040\0005\000,\000\040\0002\000/\0002\0004\000/\0002\0000\0002\0005\000:\000\040\000T\000i\000d\000y\000v\000e\000r\000s\000e\000,\000\040\000P\000r\000o\000c\000e\000s\000s\000i\000n\000g\000\040\000A\000c\000r\000o\000s\000s\000\040\000R\000o\000w\000s}{section*.20}% 26
\BOOKMARK [2][-]{subsection*.27}{\376\377\000W\000e\000e\000k\000\040\0006\000,\000\040\0003\000/\0003\000/\0002\0000\0002\0005\000:\000\040\000A\000t\000t\000r\000i\000b\000u\000t\000e\000s\000\040\000a\000n\000d\000\040\000D\000a\000t\000a\000\040\000C\000l\000a\000s\000s}{section*.20}% 27
\BOOKMARK [2][-]{subsection*.28}{\376\377\0003\000/\0001\0000\000/\0002\0000\0002\0005\000:\000\040\000S\000p\000r\000i\000n\000g\000\040\000B\000r\000e\000a\000k}{section*.20}% 28
\BOOKMARK [2][-]{subsection*.29}{\376\377\000W\000e\000e\000k\000\040\0007\000,\000\040\0003\000/\0001\0007\000/\0002\0000\0002\0005\000:\000\040\000S\000t\000r\000i\000n\000g\000s\000\040\000a\000n\000d\000\040\000D\000a\000t\000e\000s}{section*.20}% 29
\BOOKMARK [2][-]{subsection*.30}{\376\377\000W\000e\000e\000k\000\040\0008\000,\000\040\0003\000/\0002\0004\000/\0002\0000\0002\0005\000:\000\040\000V\000i\000s\000u\000a\000l\000i\000z\000a\000t\000i\000o\000n\000s\000\040\000w\000i\000t\000h\000\040\000g\000g\000p\000l\000o\000t\0002}{section*.20}% 30
\BOOKMARK [2][-]{subsection*.31}{\376\377\000W\000e\000e\000k\000\040\0009\000,\000\040\0003\000/\0003\0001\000/\0002\0000\0002\0005\000:\000\040\000T\000i\000d\000y\000\040\000D\000a\000t\000a}{section*.20}% 31
\BOOKMARK [2][-]{subsection*.32}{\376\377\000W\000e\000e\000k\000\040\0001\0000\000,\000\040\0004\000/\0007\000/\0002\0000\0002\0005\000:\000\040\000J\000o\000i\000n\000i\000n\000g\000\040\000D\000a\000t\000a}{section*.20}% 32
\BOOKMARK [2][-]{subsection*.33}{\376\377\000W\000e\000e\000k\000\040\0001\0001\000,\000\040\0004\000/\0001\0004\000/\0002\0000\0002\0005\000:\000\040\000D\000a\000t\000a\000\040\000Q\000u\000a\000l\000i\000t\000y}{section*.20}% 33
\BOOKMARK [2][-]{subsection*.34}{\376\377\000W\000e\000e\000k\000\040\0001\0002\000,\000\040\0004\000/\0002\0001\000/\0002\0000\0002\0005\000:\000\040\000I\000n\000t\000r\000o\000d\000u\000c\000t\000i\000o\000n\000\040\000t\000o\000\040\000D\000a\000t\000a\000\040\000S\000c\000i\000e\000n\000c\000e\000\040\000T\000e\000c\000h\000n\000i\000q\000u\000e\000s\000;\000\040\000R\000e\000v\000i\000e\000w\000\040\000F\000i\000n\000a\000l\000\040\000P\000r\000o\000j\000e\000c\000t\000s}{section*.20}% 34
\BOOKMARK [2][-]{subsection*.35}{\376\377\000W\000e\000e\000k\000\040\0001\0003\000,\000\040\0004\000/\0002\0008\000/\0002\0000\0002\0005\000:\000\040\000A\000c\000c\000e\000s\000s\000i\000n\000g\000\040\000o\000b\000j\000e\000c\000t\000\040\000e\000l\000e\000m\000e\000n\000t\000s\000;\000\040\000U\000s\000i\000n\000g\000\040\000B\000i\000b\000D\000e\000s\000k\000\040\000a\000s\000\040\000C\000i\000t\000a\000t\000i\000o\000n\000\040\000M\000a\000n\000a\000g\000e\000r}{section*.20}% 35
\BOOKMARK [2][-]{subsection*.36}{\376\377\000W\000e\000e\000k\000\040\0001\0004\000,\000\040\0005\000/\0005\000/\0002\0000\0005\000:\000\040\000F\000i\000n\000a\000l\000\040\000P\000r\000o\000j\000e\000c\000t\000s}{section*.20}% 36
